<?xml version="1.0" encoding="UTF-8"?>
<testsuite xmlns:xsi="http://www.w3.org/2001/XMLSchema-instance" xsi:noNamespaceSchemaLocation="https://maven.apache.org/surefire/maven-surefire-plugin/xsd/surefire-test-report-3.0.xsd" version="3.0" name="com.library.StudentServiceTest" time="0.85" tests="4" errors="0" skipped="0" failures="0">
  <properties>
[...]
</properties>
  <testcase name="testUpdateStudent" classname="com.library.StudentServiceTest" time="0.692"/>
  <testcase name="testAddStudent" classname="com.library.StudentServiceTest" time="0.017"/>
  <testcase name="testDeleteStudent" classname="com.library.StudentServiceTest" time="0.078"/>
  <testcase name="testDisplayStudents" classname="com.library.StudentServiceTest" time="0.036"/>
</testsuite>